<?xml version="1.0" encoding="UTF-8"?>
<!-- Generated by org.testng.reporters.JUnitReportReporter -->
<testsuite skipped="0" hostname="Gunu-PC" name="junitRunner.Runner" tests="1" failures="0" timestamp="10 Jun 2019 04:54:33 GMT" time="1041.514" errors="0">
  <testcase name="login" time="1041.514" classname="junitRunner.Runner"/>
</testsuite> <!-- junitRunner.Runner -->
